<?xml version="1.0" encoding="UTF-8"?>
<!-- Generated by org.testng.reporters.JUnitXMLReporter -->
<testsuite hostname="Surendar-GSR" ignored="0" name="nopCommerce Test2" tests="1" failures="1" timestamp="23 Dec 2021 16:38:17 GMT" time="96.165" errors="0">
  <testcase name="LoginTest" time="34.937" classname="com.nopEcommerce.test_cases.TestCase_LoginTest_001">
    <failure type="java.lang.AssertionError" message="expected [true] but found [false]">
      <![CDATA[java.lang.AssertionError: expected [true] but found [false]
	at com.nopEcommerce.test_cases.TestCase_LoginTest_001.LoginTest(TestCase_LoginTest_001.java:45)
... Removed 29 stack frames]]>
    </failure>
  </testcase> <!-- LoginTest -->
</testsuite> <!-- nopCommerce Test2 -->
